<?xml version="1.0" encoding="UTF-8"?>
<!-- Generated by org.testng.reporters.JUnitXMLReporter -->
<testsuite ignored="0" hostname="192.168.0.12" failures="14" tests="54" name="motor" time="20.006" errors="0" timestamp="02 Jun 2019 07:34:48 GMT">
  <testcase classname="com.test.oic.TestAPI" name="testOIC" time="0.0">
    <failure type="org.testng.TestNGException" message="
Method public void com.test.oic.TestAPI.testOIC(double,java.lang.String,java.lang.String,int,int,int,int,int,int,int,int,int,int,int,int,int) requires a @DataProvider named : data2">
      <![CDATA[org.testng.TestNGException: 
Method public void com.test.oic.TestAPI.testOIC(double,java.lang.String,java.lang.String,int,int,int,int,int,int,int,int,int,int,int,int,int) requires a @DataProvider named : data2
... Removed 21 stack frames]]>
    </failure>
  </testcase> <!-- testOIC -->
  <testcase classname="com.test.oic.TestAPI" name="validateCarAgeOptions" time="4.231">
    <failure type="java.lang.AssertionError" message="expected [59638.59] but found [4378.44]">
      <![CDATA[java.lang.AssertionError: expected [59638.59] but found [4378.44]
at com.test.oic.TestAPI.validateCarAgeOptions(TestAPI.java:105)
... Removed 30 stack frames]]>
    </failure>
  </testcase> <!-- validateCarAgeOptions -->
  <testcase classname="com.test.oic.TestAPI" name="validateCarAgeOptions" time="0.359"/>
  <testcase classname="com.test.oic.TestAPI" name="validateCarAgeOptions" time="0.302"/>
  <testcase classname="com.test.oic.TestAPI" name="validateCarAgeOptions" time="0.294"/>
  <testcase classname="com.test.oic.TestAPI" name="validateCarAgeOptions" time="0.277"/>
  <testcase classname="com.test.oic.TestAPI" name="validateCarAgeOptions" time="0.291"/>
  <testcase classname="com.test.oic.TestAPI" name="validateCarAgeOptions" time="0.293"/>
  <testcase classname="com.test.oic.TestAPI" name="validateCarAgeOptions" time="0.308"/>
  <testcase classname="com.test.oic.TestAPI" name="validateCarAgeOptions" time="0.282"/>
  <testcase classname="com.test.oic.TestAPI" name="validateCarAgeOptions" time="0.258"/>
  <testcase classname="com.test.oic.TestAPI" name="validateCarAgeOptions" time="0.266"/>
  <testcase classname="com.test.oic.TestAPI" name="validateCarAgeOptions" time="0.271"/>
  <testcase classname="com.test.oic.TestAPI" name="validateCarAgeOptions" time="0.264"/>
  <testcase classname="com.test.oic.TestAPI" name="validateCarGroupOptions" time="0.293">
    <failure type="java.lang.AssertionError" message="expected [200] but found [502]">
      <![CDATA[java.lang.AssertionError: expected [200] but found [502]
at com.test.oic.TestAPI.validateCarGroupOptions(TestAPI.java:141)
... Removed 30 stack frames]]>
    </failure>
  </testcase> <!-- validateCarGroupOptions -->
  <testcase classname="com.test.oic.TestAPI" name="validateCarGroupOptions" time="0.286"/>
  <testcase classname="com.test.oic.TestAPI" name="validateCarGroupOptions" time="0.293"/>
  <testcase classname="com.test.oic.TestAPI" name="validateCarGroupOptions" time="0.267"/>
  <testcase classname="com.test.oic.TestAPI" name="validateCarGroupOptions" time="0.238"/>
  <testcase classname="com.test.oic.TestAPI" name="validateCarGroupOptions" time="0.236"/>
  <testcase classname="com.test.oic.TestAPI" name="validateCarGroupOptions" time="0.273">
    <failure type="java.lang.AssertionError" message="expected [200] but found [502]">
      <![CDATA[java.lang.AssertionError: expected [200] but found [502]
at com.test.oic.TestAPI.validateCarGroupOptions(TestAPI.java:141)
... Removed 30 stack frames]]>
    </failure>
  </testcase> <!-- validateCarGroupOptions -->
  <testcase classname="com.test.oic.TestAPI" name="validateCarGroupOptions" time="0.266">
    <failure type="java.lang.AssertionError" message="expected [200] but found [502]">
      <![CDATA[java.lang.AssertionError: expected [200] but found [502]
at com.test.oic.TestAPI.validateCarGroupOptions(TestAPI.java:141)
... Removed 30 stack frames]]>
    </failure>
  </testcase> <!-- validateCarGroupOptions -->
  <testcase classname="com.test.oic.TestAPI" name="validateCarGroupOptions" time="0.236"/>
  <testcase classname="com.test.oic.TestAPI" name="validateCarGroupOptions" time="0.289"/>
  <testcase classname="com.test.oic.TestAPI" name="validateCarGroupOptions" time="0.242"/>
  <testcase classname="com.test.oic.TestAPI" name="validateCarGroupOptions" time="0.274"/>
  <testcase classname="com.test.oic.TestAPI" name="validateCarGroupOptions" time="0.249"/>
  <testcase classname="com.test.oic.TestAPI" name="validateCarGroupOptions" time="0.266">
    <failure type="java.lang.AssertionError" message="expected [200] but found [502]">
      <![CDATA[java.lang.AssertionError: expected [200] but found [502]
at com.test.oic.TestAPI.validateCarGroupOptions(TestAPI.java:141)
... Removed 30 stack frames]]>
    </failure>
  </testcase> <!-- validateCarGroupOptions -->
  <testcase classname="com.test.oic.TestAPI" name="validateCarGroupOptions" time="0.25">
    <failure type="java.lang.AssertionError" message="expected [200] but found [502]">
      <![CDATA[java.lang.AssertionError: expected [200] but found [502]
at com.test.oic.TestAPI.validateCarGroupOptions(TestAPI.java:141)
... Removed 30 stack frames]]>
    </failure>
  </testcase> <!-- validateCarGroupOptions -->
  <testcase classname="com.test.oic.TestAPI" name="validateCarGroupOptions" time="0.252"/>
  <testcase classname="com.test.oic.TestAPI" name="validateCarGroupOptions" time="0.241"/>
  <testcase classname="com.test.oic.TestAPI" name="validateCarGroupOptions" time="0.252"/>
  <testcase classname="com.test.oic.TestAPI" name="validateCarGroupOptions" time="0.244"/>
  <testcase classname="com.test.oic.TestAPI" name="validateCarGroupOptions" time="0.244"/>
  <testcase classname="com.test.oic.TestAPI" name="validateCarGroupOptions" time="0.269">
    <failure type="java.lang.AssertionError" message="expected [200] but found [502]">
      <![CDATA[java.lang.AssertionError: expected [200] but found [502]
at com.test.oic.TestAPI.validateCarGroupOptions(TestAPI.java:141)
... Removed 29 stack frames]]>
    </failure>
  </testcase> <!-- validateCarGroupOptions -->
  <testcase classname="com.test.oic.TestAPI" name="validateCarGroupOptions" time="0.286">
    <failure type="java.lang.AssertionError" message="expected [200] but found [502]">
      <![CDATA[java.lang.AssertionError: expected [200] but found [502]
at com.test.oic.TestAPI.validateCarGroupOptions(TestAPI.java:141)
... Removed 29 stack frames]]>
    </failure>
  </testcase> <!-- validateCarGroupOptions -->
  <testcase classname="com.test.oic.TestAPI" name="validateCarGroupOptions" time="0.257"/>
  <testcase classname="com.test.oic.TestAPI" name="validateCarGroupOptions" time="0.237"/>
  <testcase classname="com.test.oic.TestAPI" name="validateCarGroupOptions" time="0.256"/>
  <testcase classname="com.test.oic.TestAPI" name="validateCarGroupOptions" time="0.237"/>
  <testcase classname="com.test.oic.TestAPI" name="validateCarGroupOptions" time="0.258"/>
  <testcase classname="com.test.oic.TestAPI" name="validateCarGroupOptions" time="0.272">
    <failure type="java.lang.AssertionError" message="expected [200] but found [502]">
      <![CDATA[java.lang.AssertionError: expected [200] but found [502]
at com.test.oic.TestAPI.validateCarGroupOptions(TestAPI.java:141)
... Removed 29 stack frames]]>
    </failure>
  </testcase> <!-- validateCarGroupOptions -->
  <testcase classname="com.test.oic.TestAPI" name="validatePolicyTypeWithCarCodeOptions" time="0.259"/>
  <testcase classname="com.test.oic.TestAPI" name="validatePolicyTypeWithCarCodeOptions" time="0.233"/>
  <testcase classname="com.test.oic.TestAPI" name="validatePolicyTypeWithCarCodeOptions" time="0.243"/>
  <testcase classname="com.test.oic.TestAPI" name="validatePolicyTypeWithCarCodeOptions" time="0.228"/>
  <testcase classname="com.test.oic.TestAPI" name="validatePolicyTypeWithCarCodeOptions" time="0.253"/>
  <testcase classname="com.test.oic.TestAPI" name="validatePolicyTypeWithCarCodeOptions" time="0.228"/>
  <testcase classname="com.test.oic.TestAPI" name="validatePolicyTypeWithCarCodeOptions" time="0.213"/>
  <testcase classname="com.test.oic.TestAPI" name="validatePolicyTypeWithCarCodeOptions" time="0.238"/>
  <testcase classname="com.test.oic.TestAPI" name="validatePolicyTypeWithCarCodeOptions" time="0.239">
    <failure type="java.lang.AssertionError" message="expected [200] but found [502]">
      <![CDATA[java.lang.AssertionError: expected [200] but found [502]
at com.test.oic.TestAPI.validatePolicyTypeWithCarCodeOptions(TestAPI.java:68)
... Removed 30 stack frames]]>
    </failure>
  </testcase> <!-- validatePolicyTypeWithCarCodeOptions -->
  <testcase classname="com.test.oic.TestAPI" name="validatePolicyTypeWithCarCodeOptions" time="0.316">
    <failure type="java.lang.AssertionError" message="expected [200] but found [502]">
      <![CDATA[java.lang.AssertionError: expected [200] but found [502]
at com.test.oic.TestAPI.validatePolicyTypeWithCarCodeOptions(TestAPI.java:68)
... Removed 30 stack frames]]>
    </failure>
  </testcase> <!-- validatePolicyTypeWithCarCodeOptions -->
  <testcase classname="com.test.oic.TestAPI" name="validatePolicyTypeWithCarCodeOptions" time="0.26">
    <failure type="java.lang.AssertionError" message="expected [200] but found [502]">
      <![CDATA[java.lang.AssertionError: expected [200] but found [502]
at com.test.oic.TestAPI.validatePolicyTypeWithCarCodeOptions(TestAPI.java:68)
... Removed 30 stack frames]]>
    </failure>
  </testcase> <!-- validatePolicyTypeWithCarCodeOptions -->
  <testcase classname="com.test.oic.TestAPI" name="validatePolicyTypeWithCarCodeOptions" time="0.289">
    <failure type="java.lang.AssertionError" message="expected [200] but found [502]">
      <![CDATA[java.lang.AssertionError: expected [200] but found [502]
at com.test.oic.TestAPI.validatePolicyTypeWithCarCodeOptions(TestAPI.java:68)
... Removed 30 stack frames]]>
    </failure>
  </testcase> <!-- validatePolicyTypeWithCarCodeOptions -->
</testsuite> <!-- motor -->
