<?xml version="1.0" encoding="UTF-8"?>
<!-- Generated by org.testng.reporters.JUnitXMLReporter -->
<testsuite ignored="3" hostname="PISIT-PHFVH4.local" failures="0" tests="15" name="Validation" time="7.327" errors="0"
           timestamp="03 Jun 2019 14:01:46 GMT">
    <testcase classname="com.test.oic.OICvalidatePolicyType" name="validateValidPolicyType" time="2.089"/>
    <testcase classname="com.test.oic.OICvalidatePolicyType" name="validateValidPolicyType" time="0.244"/>
    <testcase classname="com.test.oic.OICvalidatePolicyType" name="validateValidPolicyType" time="0.258"/>
    <testcase classname="com.test.oic.OICvalidatePolicyType" name="validateValidPolicyType" time="0.24"/>
    <testcase classname="com.test.oic.OICvalidatePolicyType" name="validateValidPolicyType" time="0.219"/>
    <testcase classname="com.test.oic.OICvalidatePolicyType" name="validateValidPolicyType" time="0.232"/>
    <testcase classname="com.test.oic.OICvalidatePolicyType" name="validateValidPolicyType" time="0.258"/>
    <testcase classname="com.test.oic.OICvalidatePolicyType" name="validateValidPolicyType" time="0.241"/>
    <testcase classname="com.test.oic.OICvalidatePolicyType" name="validateValidPolicyType" time="0.229"/>
    <testcase classname="com.test.oic.OICvalidatePolicyType" name="validateValidPolicyType" time="0.237"/>
    <testcase classname="com.test.oic.OICvalidatePolicyType" name="validateInvalidPolicyType" time="0.635"/>
    <testcase classname="com.test.oic.OICvalidatePolicyType" name="validateInvalidPolicyType" time="0.264"/>
    <testcase classname="com.test.oic.OICvalidatePolicyType" name="validateInvalidPolicyType" time="0.284"/>
    <testcase classname="com.test.oic.OICvalidatePolicyType" name="validateInvalidPolicyType" time="0.281"/>
    <testcase classname="com.test.oic.OICvalidatePolicyType" name="validateInvalidPolicyType" time="0.269"/>
    <testcase classname="com.test.oic.BaseOIC" name="@BeforeTest testSetup" time="0.0">
        <ignored/>
    </testcase> <!-- @BeforeTest testSetup -->
    <testcase classname="com.test.oic.OICCaculatePriceV1" name="calcPriceV1Code320" time="0.0">
        <ignored/>
    </testcase> <!-- calcPriceV1Code320 -->
    <testcase classname="com.test.oic.OICCaculatePriceV1" name="calcPriceV1Code110" time="0.0">
        <ignored/>
    </testcase> <!-- calcPriceV1Code110 -->
</testsuite> <!-- Validation -->
